<?xml version="1.0" encoding="UTF-8"?>
<!-- Generated by org.testng.reporters.JUnitReportReporter -->
<testsuite skipped="0" hostname="DESKTOP-U3VO7AL" name="test123.HeadlessBrowser" tests="1" failures="0" timestamp="2021-09-03T11:45:35 IST" time="20.535" errors="0">
  <testcase name="chrome_Headless" time="20.535" classname="test123.HeadlessBrowser"/>
  <system-out/>
</testsuite> <!-- test123.HeadlessBrowser -->
