<?xml version="1.0" encoding="UTF-8"?>
<!-- Generated by org.testng.reporters.JUnitReportReporter -->
<testsuite skipped="0" hostname="DESKTOP-U3VO7AL" name="test123.ApachePOI_HSSF" tests="1" failures="0" timestamp="2021-09-03T15:08:22 IST" time="0.300" errors="0">
  <testcase name="f" time="0.300" classname="test123.ApachePOI_HSSF"/>
  <system-out/>
</testsuite> <!-- test123.ApachePOI_HSSF -->
