<?xml version="1.0" encoding="UTF-8"?>
<!-- Generated by org.testng.reporters.JUnitReportReporter -->
<testsuite skipped="0" hostname="DESKTOP-U3VO7AL" name="test123.Synchronization" tests="1" failures="0" timestamp="2021-09-03T10:56:42 IST" time="14.604" errors="0">
  <testcase name="f" time="14.604" classname="test123.Synchronization"/>
  <system-out/>
</testsuite> <!-- test123.Synchronization -->
