<?xml version="1.0" encoding="UTF-8"?>
<!-- Generated by org.testng.reporters.JUnitReportReporter -->
<testsuite skipped="0" hostname="DESKTOP-U3VO7AL" name="test123.CaptureScreenshot" tests="1" failures="0" timestamp="2021-09-03T12:04:21 IST" time="8.016" errors="0">
  <testcase name="CaptureScreenshotmethod" time="8.016" classname="test123.CaptureScreenshot"/>
  <system-out/>
</testsuite> <!-- test123.CaptureScreenshot -->
