<?xml version="1.0" encoding="UTF-8"?>
<!-- Generated by org.testng.reporters.JUnitReportReporter -->
<testsuite skipped="0" hostname="DESKTOP-U3VO7AL" name="test123.HandlingCookies" tests="1" failures="0" timestamp="2021-09-03T11:28:29 IST" time="7.986" errors="0">
  <testcase name="actionsOnCookies" time="7.986" classname="test123.HandlingCookies"/>
  <system-out/>
</testsuite> <!-- test123.HandlingCookies -->
