<?xml version="1.0" encoding="UTF-8"?>
<!-- Generated by org.testng.reporters.JUnitReportReporter -->
<testsuite skipped="0" hostname="DESKTOP-U3VO7AL" name="test123.Javascritpexecutor" tests="2" failures="0" timestamp="2021-09-03T15:19:10 IST" time="33.233" errors="0">
  <testcase name="jsPageScroll" time="14.030" classname="test123.Javascritpexecutor"/>
  <system-out/>
  <testcase name="jsListenEventExecute" time="19.203" classname="test123.Javascritpexecutor"/>
  <system-out/>
</testsuite> <!-- test123.Javascritpexecutor -->
